<?xml version="1.0" encoding="utf-8"?><testsuites><testsuite name="pytest" errors="0" failures="0" skipped="0" tests="14" time="0.322" timestamp="2025-04-29T22:13:05.015939-04:00" hostname="Soohyeuks-MacBook-Pro.local"><testcase classname="hw2_tests.src.hw2_tests.test_hw2_inbox" name="test_connect_success" time="0.004" /><testcase classname="hw2_tests.src.hw2_tests.test_hw2_inbox" name="test_connect_failure" time="0.112" /><testcase classname="hw2_tests.src.hw2_tests.test_hw2_inbox" name="test_login_success" time="0.003" /><testcase classname="hw2_tests.src.hw2_tests.test_hw2_inbox" name="test_login_failure" time="0.003" /><testcase classname="hw2_tests.src.hw2_tests.test_hw2_inbox" name="test_authenticate_success" time="0.003" /><testcase classname="hw2_tests.src.hw2_tests.test_hw2_inbox" name="test_logout" time="0.001" /><testcase classname="hw2_tests.src.hw2_tests.test_hw2_inbox" name="test_get_emails_with_query" time="0.002" /><testcase classname="hw2_tests.src.hw2_tests.test_hw2_inbox" name="test_get_emails_empty_result" time="0.001" /><testcase classname="hw2_tests.src.hw2_tests.test_hw2_inbox" name="test_get_email_content" time="0.001" /><testcase classname="hw2_tests.src.hw2_tests.test_hw2_inbox" name="test_send_email_success" time="0.001" /><testcase classname="hw2_tests.src.hw2_tests.test_hw2_inbox" name="test_send_email_failure" time="0.002" /><testcase classname="hw2_tests.src.hw2_tests.test_hw2_inbox" name="test_mark_as_read_success" time="0.001" /><testcase classname="hw2_tests.src.hw2_tests.test_hw2_inbox" name="test_detects_spam_email" time="0.001" /><testcase classname="hw2_tests.src.hw2_tests.test_hw2_inbox" name="test_unsubscribe_from_email_sender_success" time="0.001" /></testsuite></testsuites>